<?xml version="1.0" encoding="UTF-8"?>
<testng-results ignored="0" total="2" passed="2" failed="0" skipped="0">
  <reporter-output>
  </reporter-output>
  <suite started-at="2024-06-07T17:56:05 IST" name="Default suite" finished-at="2024-06-07T17:56:17 IST" duration-ms="12459">
    <groups>
    </groups>
    <test started-at="2024-06-07T17:56:05 IST" name="Default test" finished-at="2024-06-07T17:56:17 IST" duration-ms="12459">
      <class name="task.Login">
        <test-method signature="login()[pri:1, instance:task.Login@4c583ecf]" started-at="2024-06-07T17:56:05 IST" name="login" finished-at="2024-06-07T17:56:12 IST" duration-ms="7389" status="PASS">
          <reporter-output>
          </reporter-output>
        </test-method> <!-- login -->
        <test-method signature="search()[pri:3, instance:task.Login@4c583ecf]" started-at="2024-06-07T17:56:12 IST" name="search" finished-at="2024-06-07T17:56:17 IST" duration-ms="4997" status="PASS">
          <reporter-output>
          </reporter-output>
        </test-method> <!-- search -->
      </class> <!-- task.Login -->
    </test> <!-- Default test -->
  </suite> <!-- Default suite -->
</testng-results>
